<?xml version="1.0" encoding="UTF-8" ?>
<testsuite failures="0" time="0.009" errors="0" skipped="0" tests="2" name="q.serialize.mock.ApiMappingSwitcherTest">
  <properties>
    <property name="java.runtime.name" value="Java(TM) SE Runtime Environment"/>
    <property name="sun.boot.library.path" value="c:\Program Files\Java\jdk1.6.0_24\jre\bin"/>
    <property name="java.vm.version" value="19.1-b02"/>
    <property name="java.vm.vendor" value="Sun Microsystems Inc."/>
    <property name="java.vendor.url" value="http://java.sun.com/"/>
    <property name="path.separator" value=";"/>
    <property name="java.vm.name" value="Java HotSpot(TM) 64-Bit Server VM"/>
    <property name="file.encoding.pkg" value="sun.io"/>
    <property name="user.country" value="CN"/>
    <property name="sun.java.launcher" value="SUN_STANDARD"/>
    <property name="sun.os.patch.level" value="Service Pack 1"/>
    <property name="java.vm.specification.name" value="Java Virtual Machine Specification"/>
    <property name="user.dir" value="D:\Work\q\q-util"/>
    <property name="java.runtime.version" value="1.6.0_24-b07"/>
    <property name="java.awt.graphicsenv" value="sun.awt.Win32GraphicsEnvironment"/>
    <property name="basedir" value="D:\Work\q\q-util"/>
    <property name="java.endorsed.dirs" value="c:\Program Files\Java\jdk1.6.0_24\jre\lib\endorsed"/>
    <property name="os.arch" value="amd64"/>
    <property name="surefire.real.class.path" value="C:\Users\jin\AppData\Local\Temp\surefirebooter167579996834427101.jar"/>
    <property name="java.io.tmpdir" value="C:\Users\jin\AppData\Local\Temp\"/>
    <property name="line.separator" value="
"/>
    <property name="java.vm.specification.vendor" value="Sun Microsystems Inc."/>
    <property name="user.variant" value=""/>
    <property name="os.name" value="Windows 7"/>
    <property name="sun.jnu.encoding" value="GBK"/>
    <property name="java.library.path" value="c:\Program Files\Java\jdk1.6.0_24\jre\bin;.;C:\Windows\Sun\Java\bin;C:\Windows\system32;C:\Windows;c:\Users\jin\bin;.;d:\Program\Git\local\bin;d:\Program\Git\mingw\bin;d:\Program\Git\bin;c:\Windows\system32;c:\Windows;c:\Windows\System32\Wbem;c:\Program Files\Java\jdk1.6.0_24\bin;c:\Program Files\MySQL\MySQL Server 5.1\bin;c:\lunch\;d:\Program\Git\cmd;d:\Program\maven\bin;."/>
    <property name="surefire.test.class.path" value="D:\Work\q\q-util\target\test-classes;D:\Work\q\q-util\target\classes;C:\Users\jin\.m2\repository\log4j\log4j\1.2.16\log4j-1.2.16.jar;C:\Users\jin\.m2\repository\org\springframework\spring-core\3.0.5.RELEASE\spring-core-3.0.5.RELEASE.jar;C:\Users\jin\.m2\repository\org\springframework\spring-asm\3.0.5.RELEASE\spring-asm-3.0.5.RELEASE.jar;C:\Users\jin\.m2\repository\commons-logging\commons-logging\1.1.1\commons-logging-1.1.1.jar;C:\Users\jin\.m2\repository\net\sf\json-lib\json-lib\2.4\json-lib-2.4-jdk15.jar;C:\Users\jin\.m2\repository\commons-beanutils\commons-beanutils\1.8.0\commons-beanutils-1.8.0.jar;C:\Users\jin\.m2\repository\commons-collections\commons-collections\3.1\commons-collections-3.1.jar;C:\Users\jin\.m2\repository\commons-lang\commons-lang\2.4\commons-lang-2.4.jar;C:\Users\jin\.m2\repository\net\sf\ezmorph\ezmorph\1.0.6\ezmorph-1.0.6.jar;C:\Users\jin\.m2\repository\org\springframework\spring-webmvc\3.0.5.RELEASE\spring-webmvc-3.0.5.RELEASE.jar;C:\Users\jin\.m2\repository\org\springframework\spring-beans\3.0.5.RELEASE\spring-beans-3.0.5.RELEASE.jar;C:\Users\jin\.m2\repository\org\springframework\spring-context\3.0.5.RELEASE\spring-context-3.0.5.RELEASE.jar;C:\Users\jin\.m2\repository\org\springframework\spring-aop\3.0.5.RELEASE\spring-aop-3.0.5.RELEASE.jar;C:\Users\jin\.m2\repository\aopalliance\aopalliance\1.0\aopalliance-1.0.jar;C:\Users\jin\.m2\repository\org\springframework\spring-expression\3.0.5.RELEASE\spring-expression-3.0.5.RELEASE.jar;C:\Users\jin\.m2\repository\org\springframework\spring-context-support\3.0.5.RELEASE\spring-context-support-3.0.5.RELEASE.jar;C:\Users\jin\.m2\repository\org\springframework\spring-web\3.0.5.RELEASE\spring-web-3.0.5.RELEASE.jar;C:\Users\jin\.m2\repository\dom4j\dom4j\1.6.1\dom4j-1.6.1.jar;C:\Users\jin\.m2\repository\xml-apis\xml-apis\1.0.b2\xml-apis-1.0.b2.jar;C:\Users\jin\.m2\repository\mysql\mysql-connector-java\5.1.14\mysql-connector-java-5.1.14.jar;C:\Users\jin\.m2\repository\javax\servlet\servlet-api\2.4\servlet-api-2.4.jar;C:\Users\jin\.m2\repository\commons-codec\commons-codec\1.2\commons-codec-1.2.jar;C:\Users\jin\.m2\repository\commons-validator\commons-validator\1.3.0\commons-validator-1.3.0.jar;C:\Users\jin\.m2\repository\commons-digester\commons-digester\1.6\commons-digester-1.6.jar;C:\Users\jin\.m2\repository\oro\oro\2.0.8\oro-2.0.8.jar;C:\Users\jin\.m2\repository\commons-fileupload\commons-fileupload\1.2.1\commons-fileupload-1.2.1.jar;C:\Users\jin\.m2\repository\commons-io\commons-io\1.3.2\commons-io-1.3.2.jar;C:\Users\jin\.m2\repository\junit\junit\4.4\junit-4.4.jar;C:\Users\jin\.m2\repository\org\apache\cactus\cactus.core.framework.uberjar.javaEE.14\1.8.1\cactus.core.framework.uberjar.javaEE.14-1.8.1.jar;C:\Users\jin\.m2\repository\org\apache\cactus\cactus.core.framework.wrapper.javaEE.14\1.8.1\cactus.core.framework.wrapper.javaEE.14-1.8.1.jar;C:\Users\jin\.m2\repository\org\apache\cactus\cactus.core.framework.javaEE.13-14\1.8.1\cactus.core.framework.javaEE.13-14-1.8.1.jar;C:\Users\jin\.m2\repository\org\apache\cactus\cactus.core.framework.javaEE.12-13-14\1.8.1\cactus.core.framework.javaEE.12-13-14-1.8.1.jar;C:\Users\jin\.m2\repository\org\apache\geronimo\specs\geronimo-jms_1.1_spec\1.0\geronimo-jms_1.1_spec-1.0.jar;C:\Users\jin\.m2\repository\org\apache\geronimo\specs\geronimo-ejb_3.0_spec\1.0\geronimo-ejb_3.0_spec-1.0.jar;C:\Users\jin\.m2\repository\commons-httpclient\commons-httpclient\3.1\commons-httpclient-3.1.jar;C:\Users\jin\.m2\repository\aspectj\aspectjrt\1.5.3\aspectjrt-1.5.3.jar;C:\Users\jin\.m2\repository\tomcat\jasper-compiler\5.5.9\jasper-compiler-5.5.9.jar;C:\Users\jin\.m2\repository\tomcat\jasper-runtime\5.5.9\jasper-runtime-5.5.9.jar;C:\Users\jin\.m2\repository\nekohtml\nekohtml\1.9.6\nekohtml-1.9.6.jar;C:\Users\jin\.m2\repository\org\codehaus\cargo\cargo-core-uberjar\1.0-beta-2\cargo-core-uberjar-1.0-beta-2.jar;C:\Users\jin\.m2\repository\org\codehaus\cargo\cargo-ant\1.0-beta-2\cargo-ant-1.0-beta-2.jar;C:\Users\jin\.m2\repository\commons-discovery\commons-discovery\0.4\commons-discovery-0.4.jar;C:\Users\jin\.m2\repository\org\codehaus\cargo\cargo-core-container-jonas\1.0-beta-2\cargo-core-container-jonas-1.0-beta-2.jar;C:\Users\jin\.m2\repository\org\apache\geronimo\specs\geronimo-j2ee-management_1.0_spec\1.1\geronimo-j2ee-management_1.0_spec-1.1.jar;C:\Users\jin\.m2\repository\org\apache\geronimo\specs\geronimo-ejb_2.1_spec\1.1\geronimo-ejb_2.1_spec-1.1.jar;C:\Users\jin\.m2\repository\org\mortbay\jetty\org.mortbay.jetty\5.1.9\org.mortbay.jetty-5.1.9.jar;C:\Users\jin\.m2\repository\javax\servlet\jsp-api\2.0\jsp-api-2.0.jar;C:\Users\jin\.m2\repository\javax\mail\mail\1.4\mail-1.4.jar;C:\Users\jin\.m2\repository\javax\activation\activation\1.1\activation-1.1.jar;C:\Users\jin\.m2\repository\net\sourceforge\pinyin4j\pinyin4j\2.5.0\pinyin4j-2.5.0.jar;"/>
    <property name="java.specification.name" value="Java Platform API Specification"/>
    <property name="java.class.version" value="50.0"/>
    <property name="sun.management.compiler" value="HotSpot 64-Bit Server Compiler"/>
    <property name="os.version" value="6.1"/>
    <property name="user.home" value="C:\Users\jin"/>
    <property name="user.timezone" value="Asia/Shanghai"/>
    <property name="java.awt.printerjob" value="sun.awt.windows.WPrinterJob"/>
    <property name="java.specification.version" value="1.6"/>
    <property name="file.encoding" value="GBK"/>
    <property name="log5j.formatter.default.language" value="en"/>
    <property name="user.name" value="jin"/>
    <property name="java.class.path" value="D:\Work\q\q-util\target\test-classes;D:\Work\q\q-util\target\classes;C:\Users\jin\.m2\repository\log4j\log4j\1.2.16\log4j-1.2.16.jar;C:\Users\jin\.m2\repository\org\springframework\spring-core\3.0.5.RELEASE\spring-core-3.0.5.RELEASE.jar;C:\Users\jin\.m2\repository\org\springframework\spring-asm\3.0.5.RELEASE\spring-asm-3.0.5.RELEASE.jar;C:\Users\jin\.m2\repository\commons-logging\commons-logging\1.1.1\commons-logging-1.1.1.jar;C:\Users\jin\.m2\repository\net\sf\json-lib\json-lib\2.4\json-lib-2.4-jdk15.jar;C:\Users\jin\.m2\repository\commons-beanutils\commons-beanutils\1.8.0\commons-beanutils-1.8.0.jar;C:\Users\jin\.m2\repository\commons-collections\commons-collections\3.1\commons-collections-3.1.jar;C:\Users\jin\.m2\repository\commons-lang\commons-lang\2.4\commons-lang-2.4.jar;C:\Users\jin\.m2\repository\net\sf\ezmorph\ezmorph\1.0.6\ezmorph-1.0.6.jar;C:\Users\jin\.m2\repository\org\springframework\spring-webmvc\3.0.5.RELEASE\spring-webmvc-3.0.5.RELEASE.jar;C:\Users\jin\.m2\repository\org\springframework\spring-beans\3.0.5.RELEASE\spring-beans-3.0.5.RELEASE.jar;C:\Users\jin\.m2\repository\org\springframework\spring-context\3.0.5.RELEASE\spring-context-3.0.5.RELEASE.jar;C:\Users\jin\.m2\repository\org\springframework\spring-aop\3.0.5.RELEASE\spring-aop-3.0.5.RELEASE.jar;C:\Users\jin\.m2\repository\aopalliance\aopalliance\1.0\aopalliance-1.0.jar;C:\Users\jin\.m2\repository\org\springframework\spring-expression\3.0.5.RELEASE\spring-expression-3.0.5.RELEASE.jar;C:\Users\jin\.m2\repository\org\springframework\spring-context-support\3.0.5.RELEASE\spring-context-support-3.0.5.RELEASE.jar;C:\Users\jin\.m2\repository\org\springframework\spring-web\3.0.5.RELEASE\spring-web-3.0.5.RELEASE.jar;C:\Users\jin\.m2\repository\dom4j\dom4j\1.6.1\dom4j-1.6.1.jar;C:\Users\jin\.m2\repository\xml-apis\xml-apis\1.0.b2\xml-apis-1.0.b2.jar;C:\Users\jin\.m2\repository\mysql\mysql-connector-java\5.1.14\mysql-connector-java-5.1.14.jar;C:\Users\jin\.m2\repository\javax\servlet\servlet-api\2.4\servlet-api-2.4.jar;C:\Users\jin\.m2\repository\commons-codec\commons-codec\1.2\commons-codec-1.2.jar;C:\Users\jin\.m2\repository\commons-validator\commons-validator\1.3.0\commons-validator-1.3.0.jar;C:\Users\jin\.m2\repository\commons-digester\commons-digester\1.6\commons-digester-1.6.jar;C:\Users\jin\.m2\repository\oro\oro\2.0.8\oro-2.0.8.jar;C:\Users\jin\.m2\repository\commons-fileupload\commons-fileupload\1.2.1\commons-fileupload-1.2.1.jar;C:\Users\jin\.m2\repository\commons-io\commons-io\1.3.2\commons-io-1.3.2.jar;C:\Users\jin\.m2\repository\junit\junit\4.4\junit-4.4.jar;C:\Users\jin\.m2\repository\org\apache\cactus\cactus.core.framework.uberjar.javaEE.14\1.8.1\cactus.core.framework.uberjar.javaEE.14-1.8.1.jar;C:\Users\jin\.m2\repository\org\apache\cactus\cactus.core.framework.wrapper.javaEE.14\1.8.1\cactus.core.framework.wrapper.javaEE.14-1.8.1.jar;C:\Users\jin\.m2\repository\org\apache\cactus\cactus.core.framework.javaEE.13-14\1.8.1\cactus.core.framework.javaEE.13-14-1.8.1.jar;C:\Users\jin\.m2\repository\org\apache\cactus\cactus.core.framework.javaEE.12-13-14\1.8.1\cactus.core.framework.javaEE.12-13-14-1.8.1.jar;C:\Users\jin\.m2\repository\org\apache\geronimo\specs\geronimo-jms_1.1_spec\1.0\geronimo-jms_1.1_spec-1.0.jar;C:\Users\jin\.m2\repository\org\apache\geronimo\specs\geronimo-ejb_3.0_spec\1.0\geronimo-ejb_3.0_spec-1.0.jar;C:\Users\jin\.m2\repository\commons-httpclient\commons-httpclient\3.1\commons-httpclient-3.1.jar;C:\Users\jin\.m2\repository\aspectj\aspectjrt\1.5.3\aspectjrt-1.5.3.jar;C:\Users\jin\.m2\repository\tomcat\jasper-compiler\5.5.9\jasper-compiler-5.5.9.jar;C:\Users\jin\.m2\repository\tomcat\jasper-runtime\5.5.9\jasper-runtime-5.5.9.jar;C:\Users\jin\.m2\repository\nekohtml\nekohtml\1.9.6\nekohtml-1.9.6.jar;C:\Users\jin\.m2\repository\org\codehaus\cargo\cargo-core-uberjar\1.0-beta-2\cargo-core-uberjar-1.0-beta-2.jar;C:\Users\jin\.m2\repository\org\codehaus\cargo\cargo-ant\1.0-beta-2\cargo-ant-1.0-beta-2.jar;C:\Users\jin\.m2\repository\commons-discovery\commons-discovery\0.4\commons-discovery-0.4.jar;C:\Users\jin\.m2\repository\org\codehaus\cargo\cargo-core-container-jonas\1.0-beta-2\cargo-core-container-jonas-1.0-beta-2.jar;C:\Users\jin\.m2\repository\org\apache\geronimo\specs\geronimo-j2ee-management_1.0_spec\1.1\geronimo-j2ee-management_1.0_spec-1.1.jar;C:\Users\jin\.m2\repository\org\apache\geronimo\specs\geronimo-ejb_2.1_spec\1.1\geronimo-ejb_2.1_spec-1.1.jar;C:\Users\jin\.m2\repository\org\mortbay\jetty\org.mortbay.jetty\5.1.9\org.mortbay.jetty-5.1.9.jar;C:\Users\jin\.m2\repository\javax\servlet\jsp-api\2.0\jsp-api-2.0.jar;C:\Users\jin\.m2\repository\javax\mail\mail\1.4\mail-1.4.jar;C:\Users\jin\.m2\repository\javax\activation\activation\1.1\activation-1.1.jar;C:\Users\jin\.m2\repository\net\sourceforge\pinyin4j\pinyin4j\2.5.0\pinyin4j-2.5.0.jar;"/>
    <property name="java.vm.specification.version" value="1.0"/>
    <property name="sun.arch.data.model" value="64"/>
    <property name="java.home" value="c:\Program Files\Java\jdk1.6.0_24\jre"/>
    <property name="cactus.contextURL" value="http://localhost:8080/cactustest"/>
    <property name="java.specification.vendor" value="Sun Microsystems Inc."/>
    <property name="user.language" value="zh"/>
    <property name="awt.toolkit" value="sun.awt.windows.WToolkit"/>
    <property name="log5j.factory" value="aa"/>
    <property name="java.vm.info" value="mixed mode"/>
    <property name="java.version" value="1.6.0_24"/>
    <property name="java.ext.dirs" value="c:\Program Files\Java\jdk1.6.0_24\jre\lib\ext;C:\Windows\Sun\Java\lib\ext"/>
    <property name="sun.boot.class.path" value="c:\Program Files\Java\jdk1.6.0_24\jre\lib\resources.jar;c:\Program Files\Java\jdk1.6.0_24\jre\lib\rt.jar;c:\Program Files\Java\jdk1.6.0_24\jre\lib\sunrsasign.jar;c:\Program Files\Java\jdk1.6.0_24\jre\lib\jsse.jar;c:\Program Files\Java\jdk1.6.0_24\jre\lib\jce.jar;c:\Program Files\Java\jdk1.6.0_24\jre\lib\charsets.jar;c:\Program Files\Java\jdk1.6.0_24\jre\lib\modules\jdk.boot.jar;c:\Program Files\Java\jdk1.6.0_24\jre\classes"/>
    <property name="java.vendor" value="Sun Microsystems Inc."/>
    <property name="localRepository" value="C:\Users\jin\.m2\repository"/>
    <property name="file.separator" value="\"/>
    <property name="java.vendor.url.bug" value="http://java.sun.com/cgi-bin/bugreport.cgi"/>
    <property name="sun.cpu.endian" value="little"/>
    <property name="sun.io.unicode.encoding" value="UnicodeLittle"/>
    <property name="sun.desktop" value="windows"/>
    <property name="sun.cpu.isalist" value="amd64"/>
  </properties>
  <testcase time="0.006" classname="q.serialize.mock.ApiMappingSwitcherTest" name="testMappingMethodCall"/>
  <testcase time="0.001" classname="q.serialize.mock.ApiMappingSwitcherTest" name="testMappingMethodResponse"/>
</testsuite>