<?xml version="1.0" encoding="UTF-8"?>
<TestRun id="79f96fcf-55c6-43ef-b4d0-0b127cf9492f" name="zicjin@ZICJIN-PC 2011-04-28 10:37:50" runUser="zicjin-PC\zicjin" xmlns="http://microsoft.com/schemas/VisualStudio/TeamTest/2010">
  <TestSettings name="默认测试设置" id="ef7ba983-3228-462f-bb5e-2d6bd33bb8cc">
    <Deployment runDeploymentRoot="zicjin_ZICJIN-PC 2011-04-28 10_37_50">
      <DeploymentItem filename="E:\Work\front\front\bin\front.dll" />
    </Deployment>
    <Execution>
      <TestTypeSpecific />
      <AgentRule name="Execution Agents">
      </AgentRule>
    </Execution>
  </TestSettings>
  <Times creation="2011-04-28T10:37:50.5581384+08:00" queuing="2011-04-28T10:37:53.3732994+08:00" start="2011-04-28T10:37:53.6873174+08:00" finish="2011-04-28T10:37:54.9503896+08:00" />
  <ResultSummary outcome="Completed">
    <Counters total="18" executed="18" passed="18" error="0" failed="0" timeout="0" aborted="0" inconclusive="0" passedButRunAborted="0" notRunnable="0" notExecuted="0" disconnected="0" warning="0" completed="0" inProgress="0" pending="0" />
  </ResultSummary>
  <TestDefinitions>
    <UnitTest name="Register_Post_ReturnsViewIfModelStateIsInvalid" storage="e:\work\front\front.tests\bin\debug\front.tests.dll" id="c1ccba7f-14e9-ef74-5a26-b6ae986d4370">
      <Execution id="fdeeebd9-3400-4520-bf8f-5f38ccc536b1" />
      <TestMethod codeBase="E:/Work/front/front.Tests/bin/Debug/front.Tests.DLL" adapterTypeName="Microsoft.VisualStudio.TestTools.TestTypes.Unit.UnitTestAdapter, Microsoft.VisualStudio.QualityTools.Tips.UnitTest.Adapter, Version=10.0.0.0, Culture=neutral, PublicKeyToken=b03f5f7f11d50a3a" className="front.Tests.Controllers.AccountControllerTest, front.Tests, Version=1.0.0.0, Culture=neutral, PublicKeyToken=null" name="Register_Post_ReturnsViewIfModelStateIsInvalid" />
    </UnitTest>
    <UnitTest name="ChangePassword_Post_ReturnsViewIfModelStateIsInvalid" storage="e:\work\front\front.tests\bin\debug\front.tests.dll" id="d130e03e-2b48-21cf-59b2-b4ccd68913c0">
      <Execution id="c0faf022-3e04-4f6c-8863-710af311a987" />
      <TestMethod codeBase="E:/Work/front/front.Tests/bin/Debug/front.Tests.DLL" adapterTypeName="Microsoft.VisualStudio.TestTools.TestTypes.Unit.UnitTestAdapter, Microsoft.VisualStudio.QualityTools.Tips.UnitTest.Adapter, Version=10.0.0.0, Culture=neutral, PublicKeyToken=b03f5f7f11d50a3a" className="front.Tests.Controllers.AccountControllerTest, front.Tests, Version=1.0.0.0, Culture=neutral, PublicKeyToken=null" name="ChangePassword_Post_ReturnsViewIfModelStateIsInvalid" />
    </UnitTest>
    <UnitTest name="LogOn_Post_ReturnsViewIfModelStateIsInvalid" storage="e:\work\front\front.tests\bin\debug\front.tests.dll" id="3ca350b5-3367-a6b3-7497-118a93738020">
      <Execution id="e832d4dd-596f-4f9f-ac46-583c42d488f2" />
      <TestMethod codeBase="E:/Work/front/front.Tests/bin/Debug/front.Tests.DLL" adapterTypeName="Microsoft.VisualStudio.TestTools.TestTypes.Unit.UnitTestAdapter, Microsoft.VisualStudio.QualityTools.Tips.UnitTest.Adapter, Version=10.0.0.0, Culture=neutral, PublicKeyToken=b03f5f7f11d50a3a" className="front.Tests.Controllers.AccountControllerTest, front.Tests, Version=1.0.0.0, Culture=neutral, PublicKeyToken=null" name="LogOn_Post_ReturnsViewIfModelStateIsInvalid" />
    </UnitTest>
    <UnitTest name="LogOn_Get_ReturnsView" storage="e:\work\front\front.tests\bin\debug\front.tests.dll" id="3822f62c-e512-a3cc-5ea0-57b37281ab41">
      <Execution id="28db3efd-915f-4689-becb-379a07314da0" />
      <TestMethod codeBase="E:/Work/front/front.Tests/bin/Debug/front.Tests.DLL" adapterTypeName="Microsoft.VisualStudio.TestTools.TestTypes.Unit.UnitTestAdapter, Microsoft.VisualStudio.QualityTools.Tips.UnitTest.Adapter, Version=10.0.0.0, Culture=neutral, PublicKeyToken=b03f5f7f11d50a3a" className="front.Tests.Controllers.AccountControllerTest, front.Tests, Version=1.0.0.0, Culture=neutral, PublicKeyToken=null" name="LogOn_Get_ReturnsView" />
    </UnitTest>
    <UnitTest name="LogOff_LogsOutAndRedirects" storage="e:\work\front\front.tests\bin\debug\front.tests.dll" id="553553e7-a922-03b2-18f7-03c30a441029">
      <Execution id="231f6294-a4b2-48d2-923f-48b5a299d3b8" />
      <TestMethod codeBase="E:/Work/front/front.Tests/bin/Debug/front.Tests.DLL" adapterTypeName="Microsoft.VisualStudio.TestTools.TestTypes.Unit.UnitTestAdapter, Microsoft.VisualStudio.QualityTools.Tips.UnitTest.Adapter, Version=10.0.0.0, Culture=neutral, PublicKeyToken=b03f5f7f11d50a3a" className="front.Tests.Controllers.AccountControllerTest, front.Tests, Version=1.0.0.0, Culture=neutral, PublicKeyToken=null" name="LogOff_LogsOutAndRedirects" />
    </UnitTest>
    <UnitTest name="LogOn_Post_ReturnsRedirectOnSuccess_WithLocalReturnUrl" storage="e:\work\front\front.tests\bin\debug\front.tests.dll" id="03b5dce2-b629-0795-09cd-2c6099ee33a2">
      <Execution id="8cbad946-ce48-43e2-9f6b-9a46b34d12d2" />
      <TestMethod codeBase="E:/Work/front/front.Tests/bin/Debug/front.Tests.DLL" adapterTypeName="Microsoft.VisualStudio.TestTools.TestTypes.Unit.UnitTestAdapter, Microsoft.VisualStudio.QualityTools.Tips.UnitTest.Adapter, Version=10.0.0.0, Culture=neutral, PublicKeyToken=b03f5f7f11d50a3a" className="front.Tests.Controllers.AccountControllerTest, front.Tests, Version=1.0.0.0, Culture=neutral, PublicKeyToken=null" name="LogOn_Post_ReturnsRedirectOnSuccess_WithLocalReturnUrl" />
    </UnitTest>
    <UnitTest name="About" storage="e:\work\front\front.tests\bin\debug\front.tests.dll" id="c7f0f505-82bb-c6f8-a754-b13dc3616d46">
      <Execution id="66461970-218f-440a-83b9-85d0f02fa65a" />
      <TestMethod codeBase="E:/Work/front/front.Tests/bin/Debug/front.Tests.DLL" adapterTypeName="Microsoft.VisualStudio.TestTools.TestTypes.Unit.UnitTestAdapter, Microsoft.VisualStudio.QualityTools.Tips.UnitTest.Adapter, Version=10.0.0.0, Culture=neutral, PublicKeyToken=b03f5f7f11d50a3a" className="front.Tests.Controllers.HomeControllerTest, front.Tests, Version=1.0.0.0, Culture=neutral, PublicKeyToken=null" name="About" />
    </UnitTest>
    <UnitTest name="Register_Post_ReturnsViewIfRegistrationFails" storage="e:\work\front\front.tests\bin\debug\front.tests.dll" id="2d5bac03-8fa4-616f-e3e4-f553a9368aec">
      <Execution id="8ba8d3bc-19bf-46c4-8bd6-0e56a3736db4" />
      <TestMethod codeBase="E:/Work/front/front.Tests/bin/Debug/front.Tests.DLL" adapterTypeName="Microsoft.VisualStudio.TestTools.TestTypes.Unit.UnitTestAdapter, Microsoft.VisualStudio.QualityTools.Tips.UnitTest.Adapter, Version=10.0.0.0, Culture=neutral, PublicKeyToken=b03f5f7f11d50a3a" className="front.Tests.Controllers.AccountControllerTest, front.Tests, Version=1.0.0.0, Culture=neutral, PublicKeyToken=null" name="Register_Post_ReturnsViewIfRegistrationFails" />
    </UnitTest>
    <UnitTest name="Register_Post_ReturnsRedirectOnSuccess" storage="e:\work\front\front.tests\bin\debug\front.tests.dll" id="f2853f48-bd65-b1f5-5f39-0e6bcd7f5aa2">
      <Execution id="400f9a43-80a4-435e-a843-002487c400db" />
      <TestMethod codeBase="E:/Work/front/front.Tests/bin/Debug/front.Tests.DLL" adapterTypeName="Microsoft.VisualStudio.TestTools.TestTypes.Unit.UnitTestAdapter, Microsoft.VisualStudio.QualityTools.Tips.UnitTest.Adapter, Version=10.0.0.0, Culture=neutral, PublicKeyToken=b03f5f7f11d50a3a" className="front.Tests.Controllers.AccountControllerTest, front.Tests, Version=1.0.0.0, Culture=neutral, PublicKeyToken=null" name="Register_Post_ReturnsRedirectOnSuccess" />
    </UnitTest>
    <UnitTest name="LogOn_Post_ReturnsRedirectToHomeOnSuccess_WithExternalReturnUrl" storage="e:\work\front\front.tests\bin\debug\front.tests.dll" id="b41ea179-d4cf-d4af-a169-03ed095b4585">
      <Execution id="0753f63b-feb4-432b-8863-541abdf86da2" />
      <TestMethod codeBase="E:/Work/front/front.Tests/bin/Debug/front.Tests.DLL" adapterTypeName="Microsoft.VisualStudio.TestTools.TestTypes.Unit.UnitTestAdapter, Microsoft.VisualStudio.QualityTools.Tips.UnitTest.Adapter, Version=10.0.0.0, Culture=neutral, PublicKeyToken=b03f5f7f11d50a3a" className="front.Tests.Controllers.AccountControllerTest, front.Tests, Version=1.0.0.0, Culture=neutral, PublicKeyToken=null" name="LogOn_Post_ReturnsRedirectToHomeOnSuccess_WithExternalReturnUrl" />
    </UnitTest>
    <UnitTest name="Index" storage="e:\work\front\front.tests\bin\debug\front.tests.dll" id="c0f0d6e0-c181-8eb6-9a36-950751c100d2">
      <Execution id="322af1d7-7930-459a-86e9-543205bf0ca2" />
      <TestMethod codeBase="E:/Work/front/front.Tests/bin/Debug/front.Tests.DLL" adapterTypeName="Microsoft.VisualStudio.TestTools.TestTypes.Unit.UnitTestAdapter, Microsoft.VisualStudio.QualityTools.Tips.UnitTest.Adapter, Version=10.0.0.0, Culture=neutral, PublicKeyToken=b03f5f7f11d50a3a" className="front.Tests.Controllers.HomeControllerTest, front.Tests, Version=1.0.0.0, Culture=neutral, PublicKeyToken=null" name="Index" />
    </UnitTest>
    <UnitTest name="ChangePassword_Get_ReturnsView" storage="e:\work\front\front.tests\bin\debug\front.tests.dll" id="dbe6b432-1bf0-f831-5db0-30fa7bef9eb0">
      <Execution id="23611ad8-16dc-4b01-8128-026e3e2d640e" />
      <TestMethod codeBase="E:/Work/front/front.Tests/bin/Debug/front.Tests.DLL" adapterTypeName="Microsoft.VisualStudio.TestTools.TestTypes.Unit.UnitTestAdapter, Microsoft.VisualStudio.QualityTools.Tips.UnitTest.Adapter, Version=10.0.0.0, Culture=neutral, PublicKeyToken=b03f5f7f11d50a3a" className="front.Tests.Controllers.AccountControllerTest, front.Tests, Version=1.0.0.0, Culture=neutral, PublicKeyToken=null" name="ChangePassword_Get_ReturnsView" />
    </UnitTest>
    <UnitTest name="LogOn_Post_ReturnsRedirectOnSuccess_WithoutReturnUrl" storage="e:\work\front\front.tests\bin\debug\front.tests.dll" id="4c229974-b6eb-03fb-5509-c34854e5b3f1">
      <Execution id="da6b4c80-56b7-4f1d-a82b-895ed0973381" />
      <TestMethod codeBase="E:/Work/front/front.Tests/bin/Debug/front.Tests.DLL" adapterTypeName="Microsoft.VisualStudio.TestTools.TestTypes.Unit.UnitTestAdapter, Microsoft.VisualStudio.QualityTools.Tips.UnitTest.Adapter, Version=10.0.0.0, Culture=neutral, PublicKeyToken=b03f5f7f11d50a3a" className="front.Tests.Controllers.AccountControllerTest, front.Tests, Version=1.0.0.0, Culture=neutral, PublicKeyToken=null" name="LogOn_Post_ReturnsRedirectOnSuccess_WithoutReturnUrl" />
    </UnitTest>
    <UnitTest name="ChangePassword_Post_ReturnsRedirectOnSuccess" storage="e:\work\front\front.tests\bin\debug\front.tests.dll" id="fa39214a-9535-5d55-2ca7-fd532a75e250">
      <Execution id="b82de5b0-8ab4-42d3-8093-517be31b5916" />
      <TestMethod codeBase="E:/Work/front/front.Tests/bin/Debug/front.Tests.DLL" adapterTypeName="Microsoft.VisualStudio.TestTools.TestTypes.Unit.UnitTestAdapter, Microsoft.VisualStudio.QualityTools.Tips.UnitTest.Adapter, Version=10.0.0.0, Culture=neutral, PublicKeyToken=b03f5f7f11d50a3a" className="front.Tests.Controllers.AccountControllerTest, front.Tests, Version=1.0.0.0, Culture=neutral, PublicKeyToken=null" name="ChangePassword_Post_ReturnsRedirectOnSuccess" />
    </UnitTest>
    <UnitTest name="ChangePassword_Post_ReturnsViewIfChangePasswordFails" storage="e:\work\front\front.tests\bin\debug\front.tests.dll" id="4288f9eb-08a1-e489-90ee-f9db27c750e8">
      <Execution id="b9015335-b41e-42c6-b3df-670616d96c36" />
      <TestMethod codeBase="E:/Work/front/front.Tests/bin/Debug/front.Tests.DLL" adapterTypeName="Microsoft.VisualStudio.TestTools.TestTypes.Unit.UnitTestAdapter, Microsoft.VisualStudio.QualityTools.Tips.UnitTest.Adapter, Version=10.0.0.0, Culture=neutral, PublicKeyToken=b03f5f7f11d50a3a" className="front.Tests.Controllers.AccountControllerTest, front.Tests, Version=1.0.0.0, Culture=neutral, PublicKeyToken=null" name="ChangePassword_Post_ReturnsViewIfChangePasswordFails" />
    </UnitTest>
    <UnitTest name="ChangePasswordSuccess_ReturnsView" storage="e:\work\front\front.tests\bin\debug\front.tests.dll" id="d8af1da6-c45c-f572-47b7-7445b549dbce">
      <Execution id="df682bfa-442e-497c-99f5-5630a019621a" />
      <TestMethod codeBase="E:/Work/front/front.Tests/bin/Debug/front.Tests.DLL" adapterTypeName="Microsoft.VisualStudio.TestTools.TestTypes.Unit.UnitTestAdapter, Microsoft.VisualStudio.QualityTools.Tips.UnitTest.Adapter, Version=10.0.0.0, Culture=neutral, PublicKeyToken=b03f5f7f11d50a3a" className="front.Tests.Controllers.AccountControllerTest, front.Tests, Version=1.0.0.0, Culture=neutral, PublicKeyToken=null" name="ChangePasswordSuccess_ReturnsView" />
    </UnitTest>
    <UnitTest name="Register_Get_ReturnsView" storage="e:\work\front\front.tests\bin\debug\front.tests.dll" id="3bd78902-4666-275a-79fe-515f59371076">
      <Execution id="249595b3-1e26-496f-b681-a3d990f6ff03" />
      <TestMethod codeBase="E:/Work/front/front.Tests/bin/Debug/front.Tests.DLL" adapterTypeName="Microsoft.VisualStudio.TestTools.TestTypes.Unit.UnitTestAdapter, Microsoft.VisualStudio.QualityTools.Tips.UnitTest.Adapter, Version=10.0.0.0, Culture=neutral, PublicKeyToken=b03f5f7f11d50a3a" className="front.Tests.Controllers.AccountControllerTest, front.Tests, Version=1.0.0.0, Culture=neutral, PublicKeyToken=null" name="Register_Get_ReturnsView" />
    </UnitTest>
    <UnitTest name="LogOn_Post_ReturnsViewIfValidateUserFails" storage="e:\work\front\front.tests\bin\debug\front.tests.dll" id="d27d6701-395e-e1b2-068d-f4d8fa147db3">
      <Execution id="7c7b3341-d273-495c-a6bd-fbbcce4a256d" />
      <TestMethod codeBase="E:/Work/front/front.Tests/bin/Debug/front.Tests.DLL" adapterTypeName="Microsoft.VisualStudio.TestTools.TestTypes.Unit.UnitTestAdapter, Microsoft.VisualStudio.QualityTools.Tips.UnitTest.Adapter, Version=10.0.0.0, Culture=neutral, PublicKeyToken=b03f5f7f11d50a3a" className="front.Tests.Controllers.AccountControllerTest, front.Tests, Version=1.0.0.0, Culture=neutral, PublicKeyToken=null" name="LogOn_Post_ReturnsViewIfValidateUserFails" />
    </UnitTest>
  </TestDefinitions>
  <TestLists>
    <TestList name="列表中未列出的结果" id="8c84fa94-04c1-424b-9868-57a2d4851a1d" />
    <TestList name="所有已加载的结果" id="19431567-8539-422a-85d7-44ee4e166bda" />
  </TestLists>
  <TestEntries>
    <TestEntry testId="dbe6b432-1bf0-f831-5db0-30fa7bef9eb0" executionId="23611ad8-16dc-4b01-8128-026e3e2d640e" testListId="8c84fa94-04c1-424b-9868-57a2d4851a1d" />
    <TestEntry testId="fa39214a-9535-5d55-2ca7-fd532a75e250" executionId="b82de5b0-8ab4-42d3-8093-517be31b5916" testListId="8c84fa94-04c1-424b-9868-57a2d4851a1d" />
    <TestEntry testId="4288f9eb-08a1-e489-90ee-f9db27c750e8" executionId="b9015335-b41e-42c6-b3df-670616d96c36" testListId="8c84fa94-04c1-424b-9868-57a2d4851a1d" />
    <TestEntry testId="d130e03e-2b48-21cf-59b2-b4ccd68913c0" executionId="c0faf022-3e04-4f6c-8863-710af311a987" testListId="8c84fa94-04c1-424b-9868-57a2d4851a1d" />
    <TestEntry testId="d8af1da6-c45c-f572-47b7-7445b549dbce" executionId="df682bfa-442e-497c-99f5-5630a019621a" testListId="8c84fa94-04c1-424b-9868-57a2d4851a1d" />
    <TestEntry testId="553553e7-a922-03b2-18f7-03c30a441029" executionId="231f6294-a4b2-48d2-923f-48b5a299d3b8" testListId="8c84fa94-04c1-424b-9868-57a2d4851a1d" />
    <TestEntry testId="3822f62c-e512-a3cc-5ea0-57b37281ab41" executionId="28db3efd-915f-4689-becb-379a07314da0" testListId="8c84fa94-04c1-424b-9868-57a2d4851a1d" />
    <TestEntry testId="4c229974-b6eb-03fb-5509-c34854e5b3f1" executionId="da6b4c80-56b7-4f1d-a82b-895ed0973381" testListId="8c84fa94-04c1-424b-9868-57a2d4851a1d" />
    <TestEntry testId="03b5dce2-b629-0795-09cd-2c6099ee33a2" executionId="8cbad946-ce48-43e2-9f6b-9a46b34d12d2" testListId="8c84fa94-04c1-424b-9868-57a2d4851a1d" />
    <TestEntry testId="b41ea179-d4cf-d4af-a169-03ed095b4585" executionId="0753f63b-feb4-432b-8863-541abdf86da2" testListId="8c84fa94-04c1-424b-9868-57a2d4851a1d" />
    <TestEntry testId="3ca350b5-3367-a6b3-7497-118a93738020" executionId="e832d4dd-596f-4f9f-ac46-583c42d488f2" testListId="8c84fa94-04c1-424b-9868-57a2d4851a1d" />
    <TestEntry testId="d27d6701-395e-e1b2-068d-f4d8fa147db3" executionId="7c7b3341-d273-495c-a6bd-fbbcce4a256d" testListId="8c84fa94-04c1-424b-9868-57a2d4851a1d" />
    <TestEntry testId="3bd78902-4666-275a-79fe-515f59371076" executionId="249595b3-1e26-496f-b681-a3d990f6ff03" testListId="8c84fa94-04c1-424b-9868-57a2d4851a1d" />
    <TestEntry testId="f2853f48-bd65-b1f5-5f39-0e6bcd7f5aa2" executionId="400f9a43-80a4-435e-a843-002487c400db" testListId="8c84fa94-04c1-424b-9868-57a2d4851a1d" />
    <TestEntry testId="2d5bac03-8fa4-616f-e3e4-f553a9368aec" executionId="8ba8d3bc-19bf-46c4-8bd6-0e56a3736db4" testListId="8c84fa94-04c1-424b-9868-57a2d4851a1d" />
    <TestEntry testId="c1ccba7f-14e9-ef74-5a26-b6ae986d4370" executionId="fdeeebd9-3400-4520-bf8f-5f38ccc536b1" testListId="8c84fa94-04c1-424b-9868-57a2d4851a1d" />
    <TestEntry testId="c0f0d6e0-c181-8eb6-9a36-950751c100d2" executionId="322af1d7-7930-459a-86e9-543205bf0ca2" testListId="8c84fa94-04c1-424b-9868-57a2d4851a1d" />
    <TestEntry testId="c7f0f505-82bb-c6f8-a754-b13dc3616d46" executionId="66461970-218f-440a-83b9-85d0f02fa65a" testListId="8c84fa94-04c1-424b-9868-57a2d4851a1d" />
  </TestEntries>
  <Results>
    <UnitTestResult executionId="23611ad8-16dc-4b01-8128-026e3e2d640e" testId="dbe6b432-1bf0-f831-5db0-30fa7bef9eb0" testName="ChangePassword_Get_ReturnsView" computerName="ZICJIN-PC" duration="00:00:00.0753594" startTime="2011-04-28T10:37:53.7353201+08:00" endTime="2011-04-28T10:37:54.5383660+08:00" testType="13cdc9d9-ddb5-4fa4-a97d-d965ccfc6d4b" outcome="Passed" testListId="8c84fa94-04c1-424b-9868-57a2d4851a1d" relativeResultsDirectory="23611ad8-16dc-4b01-8128-026e3e2d640e">
    </UnitTestResult>
    <UnitTestResult executionId="b82de5b0-8ab4-42d3-8093-517be31b5916" testId="fa39214a-9535-5d55-2ca7-fd532a75e250" testName="ChangePassword_Post_ReturnsRedirectOnSuccess" computerName="ZICJIN-PC" duration="00:00:00.0035297" startTime="2011-04-28T10:37:54.5493667+08:00" endTime="2011-04-28T10:37:54.5593672+08:00" testType="13cdc9d9-ddb5-4fa4-a97d-d965ccfc6d4b" outcome="Passed" testListId="8c84fa94-04c1-424b-9868-57a2d4851a1d" relativeResultsDirectory="b82de5b0-8ab4-42d3-8093-517be31b5916">
    </UnitTestResult>
    <UnitTestResult executionId="b9015335-b41e-42c6-b3df-670616d96c36" testId="4288f9eb-08a1-e489-90ee-f9db27c750e8" testName="ChangePassword_Post_ReturnsViewIfChangePasswordFails" computerName="ZICJIN-PC" duration="00:00:00.0071936" startTime="2011-04-28T10:37:54.5683678+08:00" endTime="2011-04-28T10:37:54.5813685+08:00" testType="13cdc9d9-ddb5-4fa4-a97d-d965ccfc6d4b" outcome="Passed" testListId="8c84fa94-04c1-424b-9868-57a2d4851a1d" relativeResultsDirectory="b9015335-b41e-42c6-b3df-670616d96c36">
    </UnitTestResult>
    <UnitTestResult executionId="c0faf022-3e04-4f6c-8863-710af311a987" testId="d130e03e-2b48-21cf-59b2-b4ccd68913c0" testName="ChangePassword_Post_ReturnsViewIfModelStateIsInvalid" computerName="ZICJIN-PC" duration="00:00:00.0004226" startTime="2011-04-28T10:37:54.5923691+08:00" endTime="2011-04-28T10:37:54.6153704+08:00" testType="13cdc9d9-ddb5-4fa4-a97d-d965ccfc6d4b" outcome="Passed" testListId="8c84fa94-04c1-424b-9868-57a2d4851a1d" relativeResultsDirectory="c0faf022-3e04-4f6c-8863-710af311a987">
    </UnitTestResult>
    <UnitTestResult executionId="df682bfa-442e-497c-99f5-5630a019621a" testId="d8af1da6-c45c-f572-47b7-7445b549dbce" testName="ChangePasswordSuccess_ReturnsView" computerName="ZICJIN-PC" duration="00:00:00.0002979" startTime="2011-04-28T10:37:54.6193707+08:00" endTime="2011-04-28T10:37:54.6263711+08:00" testType="13cdc9d9-ddb5-4fa4-a97d-d965ccfc6d4b" outcome="Passed" testListId="8c84fa94-04c1-424b-9868-57a2d4851a1d" relativeResultsDirectory="df682bfa-442e-497c-99f5-5630a019621a">
    </UnitTestResult>
    <UnitTestResult executionId="231f6294-a4b2-48d2-923f-48b5a299d3b8" testId="553553e7-a922-03b2-18f7-03c30a441029" testName="LogOff_LogsOutAndRedirects" computerName="ZICJIN-PC" duration="00:00:00.0031990" startTime="2011-04-28T10:37:54.6313714+08:00" endTime="2011-04-28T10:37:54.6383718+08:00" testType="13cdc9d9-ddb5-4fa4-a97d-d965ccfc6d4b" outcome="Passed" testListId="8c84fa94-04c1-424b-9868-57a2d4851a1d" relativeResultsDirectory="231f6294-a4b2-48d2-923f-48b5a299d3b8">
    </UnitTestResult>
    <UnitTestResult executionId="28db3efd-915f-4689-becb-379a07314da0" testId="3822f62c-e512-a3cc-5ea0-57b37281ab41" testName="LogOn_Get_ReturnsView" computerName="ZICJIN-PC" duration="00:00:00.0003194" startTime="2011-04-28T10:37:54.6423720+08:00" endTime="2011-04-28T10:37:54.6493724+08:00" testType="13cdc9d9-ddb5-4fa4-a97d-d965ccfc6d4b" outcome="Passed" testListId="8c84fa94-04c1-424b-9868-57a2d4851a1d" relativeResultsDirectory="28db3efd-915f-4689-becb-379a07314da0">
    </UnitTestResult>
    <UnitTestResult executionId="da6b4c80-56b7-4f1d-a82b-895ed0973381" testId="4c229974-b6eb-03fb-5509-c34854e5b3f1" testName="LogOn_Post_ReturnsRedirectOnSuccess_WithoutReturnUrl" computerName="ZICJIN-PC" duration="00:00:00.0038012" startTime="2011-04-28T10:37:54.6573728+08:00" endTime="2011-04-28T10:37:54.6753739+08:00" testType="13cdc9d9-ddb5-4fa4-a97d-d965ccfc6d4b" outcome="Passed" testListId="8c84fa94-04c1-424b-9868-57a2d4851a1d" relativeResultsDirectory="da6b4c80-56b7-4f1d-a82b-895ed0973381">
    </UnitTestResult>
    <UnitTestResult executionId="8cbad946-ce48-43e2-9f6b-9a46b34d12d2" testId="03b5dce2-b629-0795-09cd-2c6099ee33a2" testName="LogOn_Post_ReturnsRedirectOnSuccess_WithLocalReturnUrl" computerName="ZICJIN-PC" duration="00:00:00.0004118" startTime="2011-04-28T10:37:54.6813742+08:00" endTime="2011-04-28T10:37:54.6883746+08:00" testType="13cdc9d9-ddb5-4fa4-a97d-d965ccfc6d4b" outcome="Passed" testListId="8c84fa94-04c1-424b-9868-57a2d4851a1d" relativeResultsDirectory="8cbad946-ce48-43e2-9f6b-9a46b34d12d2">
    </UnitTestResult>
    <UnitTestResult executionId="0753f63b-feb4-432b-8863-541abdf86da2" testId="b41ea179-d4cf-d4af-a169-03ed095b4585" testName="LogOn_Post_ReturnsRedirectToHomeOnSuccess_WithExternalReturnUrl" computerName="ZICJIN-PC" duration="00:00:00.0004719" startTime="2011-04-28T10:37:54.6923749+08:00" endTime="2011-04-28T10:37:54.7053756+08:00" testType="13cdc9d9-ddb5-4fa4-a97d-d965ccfc6d4b" outcome="Passed" testListId="8c84fa94-04c1-424b-9868-57a2d4851a1d" relativeResultsDirectory="0753f63b-feb4-432b-8863-541abdf86da2">
    </UnitTestResult>
    <UnitTestResult executionId="e832d4dd-596f-4f9f-ac46-583c42d488f2" testId="3ca350b5-3367-a6b3-7497-118a93738020" testName="LogOn_Post_ReturnsViewIfModelStateIsInvalid" computerName="ZICJIN-PC" duration="00:00:00.0003700" startTime="2011-04-28T10:37:54.7093758+08:00" endTime="2011-04-28T10:37:54.7163762+08:00" testType="13cdc9d9-ddb5-4fa4-a97d-d965ccfc6d4b" outcome="Passed" testListId="8c84fa94-04c1-424b-9868-57a2d4851a1d" relativeResultsDirectory="e832d4dd-596f-4f9f-ac46-583c42d488f2">
    </UnitTestResult>
    <UnitTestResult executionId="7c7b3341-d273-495c-a6bd-fbbcce4a256d" testId="d27d6701-395e-e1b2-068d-f4d8fa147db3" testName="LogOn_Post_ReturnsViewIfValidateUserFails" computerName="ZICJIN-PC" duration="00:00:00.0012898" startTime="2011-04-28T10:37:54.7213765+08:00" endTime="2011-04-28T10:37:54.7273769+08:00" testType="13cdc9d9-ddb5-4fa4-a97d-d965ccfc6d4b" outcome="Passed" testListId="8c84fa94-04c1-424b-9868-57a2d4851a1d" relativeResultsDirectory="7c7b3341-d273-495c-a6bd-fbbcce4a256d">
    </UnitTestResult>
    <UnitTestResult executionId="249595b3-1e26-496f-b681-a3d990f6ff03" testId="3bd78902-4666-275a-79fe-515f59371076" testName="Register_Get_ReturnsView" computerName="ZICJIN-PC" duration="00:00:00.0042490" startTime="2011-04-28T10:37:54.7323771+08:00" endTime="2011-04-28T10:37:54.7463779+08:00" testType="13cdc9d9-ddb5-4fa4-a97d-d965ccfc6d4b" outcome="Passed" testListId="8c84fa94-04c1-424b-9868-57a2d4851a1d" relativeResultsDirectory="249595b3-1e26-496f-b681-a3d990f6ff03">
    </UnitTestResult>
    <UnitTestResult executionId="400f9a43-80a4-435e-a843-002487c400db" testId="f2853f48-bd65-b1f5-5f39-0e6bcd7f5aa2" testName="Register_Post_ReturnsRedirectOnSuccess" computerName="ZICJIN-PC" duration="00:00:00.0021477" startTime="2011-04-28T10:37:54.7503782+08:00" endTime="2011-04-28T10:37:54.7663791+08:00" testType="13cdc9d9-ddb5-4fa4-a97d-d965ccfc6d4b" outcome="Passed" testListId="8c84fa94-04c1-424b-9868-57a2d4851a1d" relativeResultsDirectory="400f9a43-80a4-435e-a843-002487c400db">
    </UnitTestResult>
    <UnitTestResult executionId="8ba8d3bc-19bf-46c4-8bd6-0e56a3736db4" testId="2d5bac03-8fa4-616f-e3e4-f553a9368aec" testName="Register_Post_ReturnsViewIfRegistrationFails" computerName="ZICJIN-PC" duration="00:00:00.0023112" startTime="2011-04-28T10:37:54.7703793+08:00" endTime="2011-04-28T10:37:54.7833801+08:00" testType="13cdc9d9-ddb5-4fa4-a97d-d965ccfc6d4b" outcome="Passed" testListId="8c84fa94-04c1-424b-9868-57a2d4851a1d" relativeResultsDirectory="8ba8d3bc-19bf-46c4-8bd6-0e56a3736db4">
    </UnitTestResult>
    <UnitTestResult executionId="fdeeebd9-3400-4520-bf8f-5f38ccc536b1" testId="c1ccba7f-14e9-ef74-5a26-b6ae986d4370" testName="Register_Post_ReturnsViewIfModelStateIsInvalid" computerName="ZICJIN-PC" duration="00:00:00.0004091" startTime="2011-04-28T10:37:54.7923806+08:00" endTime="2011-04-28T10:37:54.8013811+08:00" testType="13cdc9d9-ddb5-4fa4-a97d-d965ccfc6d4b" outcome="Passed" testListId="8c84fa94-04c1-424b-9868-57a2d4851a1d" relativeResultsDirectory="fdeeebd9-3400-4520-bf8f-5f38ccc536b1">
    </UnitTestResult>
    <UnitTestResult executionId="322af1d7-7930-459a-86e9-543205bf0ca2" testId="c0f0d6e0-c181-8eb6-9a36-950751c100d2" testName="Index" computerName="ZICJIN-PC" duration="00:00:00.0682503" startTime="2011-04-28T10:37:54.8063814+08:00" endTime="2011-04-28T10:37:54.8843858+08:00" testType="13cdc9d9-ddb5-4fa4-a97d-d965ccfc6d4b" outcome="Passed" testListId="8c84fa94-04c1-424b-9868-57a2d4851a1d" relativeResultsDirectory="322af1d7-7930-459a-86e9-543205bf0ca2">
    </UnitTestResult>
    <UnitTestResult executionId="66461970-218f-440a-83b9-85d0f02fa65a" testId="c7f0f505-82bb-c6f8-a754-b13dc3616d46" testName="About" computerName="ZICJIN-PC" duration="00:00:00.0002742" startTime="2011-04-28T10:37:54.8933863+08:00" endTime="2011-04-28T10:37:54.9053870+08:00" testType="13cdc9d9-ddb5-4fa4-a97d-d965ccfc6d4b" outcome="Passed" testListId="8c84fa94-04c1-424b-9868-57a2d4851a1d" relativeResultsDirectory="66461970-218f-440a-83b9-85d0f02fa65a">
    </UnitTestResult>
  </Results>
</TestRun>